2021/10/27 13:17:34 [notice] 1#1: using the "epoll" event method
2021/10/27 13:17:34 [notice] 1#1: nginx/1.21.3
2021/10/27 13:17:34 [notice] 1#1: built by gcc 8.3.0 (Debian 8.3.0-6) 
2021/10/27 13:17:34 [notice] 1#1: OS: Linux 5.10.47-linuxkit
2021/10/27 13:17:34 [notice] 1#1: getrlimit(RLIMIT_NOFILE): 1048576:1048576
2021/10/27 13:17:34 [notice] 1#1: start worker processes
2021/10/27 13:17:34 [notice] 1#1: start worker process 22
2021/10/27 13:17:34 [notice] 1#1: start worker process 23
2021/10/27 13:17:34 [notice] 1#1: start worker process 24
2021/10/27 13:17:34 [notice] 1#1: start worker process 25
2021/10/27 13:20:01 [notice] 1#1: signal 3 (SIGQUIT) received, shutting down
2021/10/27 13:20:01 [notice] 23#23: gracefully shutting down
2021/10/27 13:20:01 [notice] 23#23: exiting
2021/10/27 13:20:01 [notice] 24#24: gracefully shutting down
2021/10/27 13:20:01 [notice] 25#25: gracefully shutting down
2021/10/27 13:20:01 [notice] 25#25: exiting
2021/10/27 13:20:01 [notice] 22#22: gracefully shutting down
2021/10/27 13:20:01 [notice] 23#23: exit
2021/10/27 13:20:01 [notice] 24#24: exiting
2021/10/27 13:20:01 [notice] 25#25: exit
2021/10/27 13:20:01 [notice] 22#22: exiting
2021/10/27 13:20:01 [notice] 22#22: exit
2021/10/27 13:20:01 [notice] 24#24: exit
2021/10/27 13:20:01 [notice] 1#1: signal 17 (SIGCHLD) received from 24
2021/10/27 13:20:01 [notice] 1#1: worker process 24 exited with code 0
2021/10/27 13:20:01 [notice] 1#1: signal 29 (SIGIO) received
2021/10/27 13:20:01 [notice] 1#1: signal 17 (SIGCHLD) received from 22
2021/10/27 13:20:01 [notice] 1#1: worker process 22 exited with code 0
2021/10/27 13:20:01 [notice] 1#1: signal 29 (SIGIO) received
2021/10/27 13:20:01 [notice] 1#1: signal 17 (SIGCHLD) received from 23
2021/10/27 13:20:01 [notice] 1#1: worker process 23 exited with code 0
2021/10/27 13:20:01 [notice] 1#1: worker process 25 exited with code 0
2021/10/27 13:20:01 [notice] 1#1: exit
2021/10/27 13:20:13 [notice] 1#1: using the "epoll" event method
2021/10/27 13:20:13 [notice] 1#1: nginx/1.21.3
2021/10/27 13:20:13 [notice] 1#1: built by gcc 8.3.0 (Debian 8.3.0-6) 
2021/10/27 13:20:13 [notice] 1#1: OS: Linux 5.10.47-linuxkit
2021/10/27 13:20:13 [notice] 1#1: getrlimit(RLIMIT_NOFILE): 1048576:1048576
2021/10/27 13:20:13 [notice] 1#1: start worker processes
2021/10/27 13:20:13 [notice] 1#1: start worker process 24
2021/10/27 13:20:13 [notice] 1#1: start worker process 25
2021/10/27 13:20:13 [notice] 1#1: start worker process 26
2021/10/27 13:20:13 [notice] 1#1: start worker process 27
2021/10/27 13:25:57 [notice] 1#1: signal 3 (SIGQUIT) received, shutting down
2021/10/27 13:25:57 [notice] 24#24: gracefully shutting down
2021/10/27 13:25:57 [notice] 25#25: gracefully shutting down
2021/10/27 13:25:57 [notice] 25#25: exiting
2021/10/27 13:25:57 [notice] 27#27: gracefully shutting down
2021/10/27 13:25:57 [notice] 27#27: exiting
2021/10/27 13:25:57 [notice] 26#26: gracefully shutting down
2021/10/27 13:25:57 [notice] 24#24: exiting
2021/10/27 13:25:57 [notice] 24#24: exit
2021/10/27 13:25:57 [notice] 25#25: exit
2021/10/27 13:25:57 [notice] 27#27: exit
2021/10/27 13:25:57 [notice] 26#26: exiting
2021/10/27 13:25:57 [notice] 26#26: exit
2021/10/27 13:25:57 [notice] 1#1: signal 17 (SIGCHLD) received from 24
2021/10/27 13:25:57 [notice] 1#1: worker process 24 exited with code 0
2021/10/27 13:25:57 [notice] 1#1: signal 29 (SIGIO) received
2021/10/27 13:25:57 [notice] 1#1: signal 17 (SIGCHLD) received from 25
2021/10/27 13:25:57 [notice] 1#1: worker process 25 exited with code 0
2021/10/27 13:25:57 [notice] 1#1: worker process 26 exited with code 0
2021/10/27 13:25:57 [notice] 1#1: worker process 27 exited with code 0
2021/10/27 13:25:57 [notice] 1#1: exit
2021/10/27 13:26:08 [notice] 1#1: using the "epoll" event method
2021/10/27 13:26:08 [notice] 1#1: nginx/1.21.3
2021/10/27 13:26:08 [notice] 1#1: built by gcc 8.3.0 (Debian 8.3.0-6) 
2021/10/27 13:26:08 [notice] 1#1: OS: Linux 5.10.47-linuxkit
2021/10/27 13:26:08 [notice] 1#1: getrlimit(RLIMIT_NOFILE): 1048576:1048576
2021/10/27 13:26:08 [notice] 1#1: start worker processes
2021/10/27 13:26:08 [notice] 1#1: start worker process 22
2021/10/27 13:26:08 [notice] 1#1: start worker process 23
2021/10/27 13:26:08 [notice] 1#1: start worker process 24
2021/10/27 13:26:08 [notice] 1#1: start worker process 25
2021/10/27 13:26:27 [error] 22#22: *1 open() "/usr/share/nginx/html/abc" failed (2: No such file or directory), client: 172.26.0.1, server: localhost, request: "GET /abc HTTP/1.1", host: "localhost:8091"
2021/10/27 13:28:37 [notice] 1#1: signal 3 (SIGQUIT) received, shutting down
2021/10/27 13:28:37 [notice] 22#22: gracefully shutting down
2021/10/27 13:28:37 [notice] 22#22: exiting
2021/10/27 13:28:37 [notice] 23#23: gracefully shutting down
2021/10/27 13:28:37 [notice] 23#23: exiting
2021/10/27 13:28:37 [notice] 24#24: gracefully shutting down
2021/10/27 13:28:37 [notice] 24#24: exiting
2021/10/27 13:28:37 [notice] 25#25: gracefully shutting down
2021/10/27 13:28:37 [notice] 25#25: exiting
2021/10/27 13:28:37 [notice] 22#22: exit
2021/10/27 13:28:37 [notice] 23#23: exit
2021/10/27 13:28:37 [notice] 24#24: exit
2021/10/27 13:28:37 [notice] 25#25: exit
2021/10/27 13:28:37 [notice] 1#1: signal 17 (SIGCHLD) received from 22
2021/10/27 13:28:37 [notice] 1#1: worker process 22 exited with code 0
2021/10/27 13:28:37 [notice] 1#1: signal 29 (SIGIO) received
2021/10/27 13:28:37 [notice] 1#1: signal 17 (SIGCHLD) received from 24
2021/10/27 13:28:37 [notice] 1#1: worker process 23 exited with code 0
2021/10/27 13:28:37 [notice] 1#1: worker process 24 exited with code 0
2021/10/27 13:28:37 [notice] 1#1: worker process 25 exited with code 0
2021/10/27 13:28:37 [notice] 1#1: exit
2021/10/27 13:29:11 [notice] 1#1: using the "epoll" event method
2021/10/27 13:29:11 [notice] 1#1: nginx/1.21.3
2021/10/27 13:29:11 [notice] 1#1: built by gcc 8.3.0 (Debian 8.3.0-6) 
2021/10/27 13:29:11 [notice] 1#1: OS: Linux 5.10.47-linuxkit
2021/10/27 13:29:11 [notice] 1#1: getrlimit(RLIMIT_NOFILE): 1048576:1048576
2021/10/27 13:29:11 [notice] 1#1: start worker processes
2021/10/27 13:29:11 [notice] 1#1: start worker process 22
2021/10/27 13:29:11 [notice] 1#1: start worker process 23
2021/10/27 13:29:11 [notice] 1#1: start worker process 24
2021/10/27 13:29:11 [notice] 1#1: start worker process 25
2021/10/27 13:29:13 [notice] 1#1: signal 3 (SIGQUIT) received, shutting down
2021/10/27 13:29:13 [notice] 22#22: gracefully shutting down
2021/10/27 13:29:13 [notice] 24#24: gracefully shutting down
2021/10/27 13:29:13 [notice] 25#25: gracefully shutting down
2021/10/27 13:29:13 [notice] 23#23: gracefully shutting down
2021/10/27 13:29:13 [notice] 22#22: exiting
2021/10/27 13:29:13 [notice] 24#24: exiting
2021/10/27 13:29:13 [notice] 25#25: exiting
2021/10/27 13:29:13 [notice] 23#23: exiting
2021/10/27 13:29:13 [notice] 22#22: exit
2021/10/27 13:29:13 [notice] 24#24: exit
2021/10/27 13:29:13 [notice] 25#25: exit
2021/10/27 13:29:13 [notice] 23#23: exit
2021/10/27 13:29:13 [notice] 1#1: signal 17 (SIGCHLD) received from 22
2021/10/27 13:29:13 [notice] 1#1: worker process 22 exited with code 0
2021/10/27 13:29:13 [notice] 1#1: signal 29 (SIGIO) received
2021/10/27 13:29:13 [notice] 1#1: signal 17 (SIGCHLD) received from 24
2021/10/27 13:29:13 [notice] 1#1: worker process 24 exited with code 0
2021/10/27 13:29:13 [notice] 1#1: worker process 25 exited with code 0
2021/10/27 13:29:13 [notice] 1#1: signal 29 (SIGIO) received
2021/10/27 13:29:13 [notice] 1#1: signal 17 (SIGCHLD) received from 23
2021/10/27 13:29:13 [notice] 1#1: worker process 23 exited with code 0
2021/10/27 13:29:13 [notice] 1#1: exit
2021/10/27 13:29:14 [notice] 1#1: using the "epoll" event method
2021/10/27 13:29:14 [notice] 1#1: nginx/1.21.3
2021/10/27 13:29:14 [notice] 1#1: built by gcc 8.3.0 (Debian 8.3.0-6) 
2021/10/27 13:29:14 [notice] 1#1: OS: Linux 5.10.47-linuxkit
2021/10/27 13:29:14 [notice] 1#1: getrlimit(RLIMIT_NOFILE): 1048576:1048576
2021/10/27 13:29:14 [notice] 1#1: start worker processes
2021/10/27 13:29:14 [notice] 1#1: start worker process 23
2021/10/27 13:29:14 [notice] 1#1: start worker process 24
2021/10/27 13:29:14 [notice] 1#1: start worker process 25
2021/10/27 13:29:14 [notice] 1#1: start worker process 26
2021/10/27 13:29:54 [notice] 1#1: signal 3 (SIGQUIT) received, shutting down
2021/10/27 13:29:54 [notice] 23#23: gracefully shutting down
2021/10/27 13:29:54 [notice] 25#25: gracefully shutting down
2021/10/27 13:29:54 [notice] 25#25: exiting
2021/10/27 13:29:54 [notice] 24#24: gracefully shutting down
2021/10/27 13:29:54 [notice] 24#24: exiting
2021/10/27 13:29:54 [notice] 26#26: gracefully shutting down
2021/10/27 13:29:54 [notice] 26#26: exiting
2021/10/27 13:29:54 [notice] 23#23: exiting
2021/10/27 13:29:54 [notice] 25#25: exit
2021/10/27 13:29:54 [notice] 24#24: exit
2021/10/27 13:29:54 [notice] 26#26: exit
2021/10/27 13:29:54 [notice] 23#23: exit
2021/10/27 13:29:54 [notice] 1#1: signal 17 (SIGCHLD) received from 23
2021/10/27 13:29:54 [notice] 1#1: worker process 23 exited with code 0
2021/10/27 13:29:54 [notice] 1#1: worker process 24 exited with code 0
2021/10/27 13:29:54 [notice] 1#1: worker process 25 exited with code 0
2021/10/27 13:29:54 [notice] 1#1: signal 29 (SIGIO) received
2021/10/27 13:29:54 [notice] 1#1: signal 17 (SIGCHLD) received from 26
2021/10/27 13:29:54 [notice] 1#1: worker process 26 exited with code 0
2021/10/27 13:29:54 [notice] 1#1: exit
2021/10/27 13:29:58 [notice] 1#1: using the "epoll" event method
2021/10/27 13:29:58 [notice] 1#1: nginx/1.21.3
2021/10/27 13:29:58 [notice] 1#1: built by gcc 8.3.0 (Debian 8.3.0-6) 
2021/10/27 13:29:58 [notice] 1#1: OS: Linux 5.10.47-linuxkit
2021/10/27 13:29:58 [notice] 1#1: getrlimit(RLIMIT_NOFILE): 1048576:1048576
2021/10/27 13:29:58 [notice] 1#1: start worker processes
2021/10/27 13:29:58 [notice] 1#1: start worker process 24
2021/10/27 13:29:58 [notice] 1#1: start worker process 25
2021/10/27 13:29:58 [notice] 1#1: start worker process 26
2021/10/27 13:29:58 [notice] 1#1: start worker process 27
2021/10/27 13:29:59 [notice] 1#1: signal 3 (SIGQUIT) received, shutting down
2021/10/27 13:29:59 [notice] 24#24: gracefully shutting down
2021/10/27 13:29:59 [notice] 25#25: gracefully shutting down
2021/10/27 13:29:59 [notice] 25#25: exiting
2021/10/27 13:29:59 [notice] 26#26: gracefully shutting down
2021/10/27 13:29:59 [notice] 27#27: gracefully shutting down
2021/10/27 13:29:59 [notice] 24#24: exiting
2021/10/27 13:29:59 [notice] 25#25: exit
2021/10/27 13:29:59 [notice] 26#26: exiting
2021/10/27 13:29:59 [notice] 27#27: exiting
2021/10/27 13:29:59 [notice] 24#24: exit
2021/10/27 13:29:59 [notice] 26#26: exit
2021/10/27 13:29:59 [notice] 27#27: exit
2021/10/27 13:29:59 [notice] 1#1: signal 17 (SIGCHLD) received from 25
2021/10/27 13:29:59 [notice] 1#1: worker process 25 exited with code 0
2021/10/27 13:29:59 [notice] 1#1: signal 29 (SIGIO) received
2021/10/27 13:29:59 [notice] 1#1: signal 17 (SIGCHLD) received from 24
2021/10/27 13:29:59 [notice] 1#1: worker process 24 exited with code 0
2021/10/27 13:29:59 [notice] 1#1: signal 29 (SIGIO) received
2021/10/27 13:29:59 [notice] 1#1: signal 17 (SIGCHLD) received from 26
2021/10/27 13:29:59 [notice] 1#1: worker process 26 exited with code 0
2021/10/27 13:29:59 [notice] 1#1: worker process 27 exited with code 0
2021/10/27 13:29:59 [notice] 1#1: exit
2021/10/27 13:29:59 [notice] 1#1: using the "epoll" event method
2021/10/27 13:29:59 [notice] 1#1: nginx/1.21.3
2021/10/27 13:29:59 [notice] 1#1: built by gcc 8.3.0 (Debian 8.3.0-6) 
2021/10/27 13:29:59 [notice] 1#1: OS: Linux 5.10.47-linuxkit
2021/10/27 13:29:59 [notice] 1#1: getrlimit(RLIMIT_NOFILE): 1048576:1048576
2021/10/27 13:29:59 [notice] 1#1: start worker processes
2021/10/27 13:29:59 [notice] 1#1: start worker process 22
2021/10/27 13:29:59 [notice] 1#1: start worker process 23
2021/10/27 13:29:59 [notice] 1#1: start worker process 24
2021/10/27 13:29:59 [notice] 1#1: start worker process 25
2021/10/27 13:32:51 [notice] 1#1: signal 3 (SIGQUIT) received, shutting down
2021/10/27 13:32:51 [notice] 23#23: gracefully shutting down
2021/10/27 13:32:51 [notice] 23#23: exiting
2021/10/27 13:32:51 [notice] 24#24: gracefully shutting down
2021/10/27 13:32:51 [notice] 25#25: gracefully shutting down
2021/10/27 13:32:51 [notice] 25#25: exiting
2021/10/27 13:32:51 [notice] 22#22: gracefully shutting down
2021/10/27 13:32:51 [notice] 23#23: exit
2021/10/27 13:32:51 [notice] 24#24: exiting
2021/10/27 13:32:51 [notice] 25#25: exit
2021/10/27 13:32:51 [notice] 22#22: exiting
2021/10/27 13:32:51 [notice] 24#24: exit
2021/10/27 13:32:51 [notice] 22#22: exit
2021/10/27 13:32:51 [notice] 1#1: signal 17 (SIGCHLD) received from 24
2021/10/27 13:32:51 [notice] 1#1: worker process 23 exited with code 0
2021/10/27 13:32:51 [notice] 1#1: worker process 24 exited with code 0
2021/10/27 13:32:51 [notice] 1#1: signal 29 (SIGIO) received
2021/10/27 13:32:51 [notice] 1#1: signal 17 (SIGCHLD) received from 25
2021/10/27 13:32:51 [notice] 1#1: worker process 25 exited with code 0
2021/10/27 13:32:51 [notice] 1#1: signal 17 (SIGCHLD) received from 22
2021/10/27 13:32:51 [notice] 1#1: worker process 22 exited with code 0
2021/10/27 13:32:51 [notice] 1#1: signal 29 (SIGIO) received
2021/10/27 13:32:51 [notice] 1#1: exit
2021/10/27 14:21:41 [notice] 1#1: using the "epoll" event method
2021/10/27 14:21:41 [notice] 1#1: nginx/1.21.3
2021/10/27 14:21:41 [notice] 1#1: built by gcc 8.3.0 (Debian 8.3.0-6) 
2021/10/27 14:21:41 [notice] 1#1: OS: Linux 5.10.47-linuxkit
2021/10/27 14:21:41 [notice] 1#1: getrlimit(RLIMIT_NOFILE): 1048576:1048576
2021/10/27 14:21:41 [notice] 1#1: start worker processes
2021/10/27 14:21:41 [notice] 1#1: start worker process 23
2021/10/27 14:21:41 [notice] 1#1: start worker process 24
2021/10/27 14:21:41 [notice] 1#1: start worker process 25
2021/10/27 14:21:41 [notice] 1#1: start worker process 26
2021/10/27 14:24:54 [notice] 1#1: using the "epoll" event method
2021/10/27 14:24:54 [notice] 1#1: nginx/1.21.3
2021/10/27 14:24:54 [notice] 1#1: built by gcc 8.3.0 (Debian 8.3.0-6) 
2021/10/27 14:24:54 [notice] 1#1: OS: Linux 5.10.47-linuxkit
2021/10/27 14:24:54 [notice] 1#1: getrlimit(RLIMIT_NOFILE): 1048576:1048576
2021/10/27 14:24:54 [notice] 1#1: start worker processes
2021/10/27 14:24:54 [notice] 1#1: start worker process 23
2021/10/27 14:24:54 [notice] 1#1: start worker process 24
2021/10/27 14:24:54 [notice] 1#1: start worker process 25
2021/10/27 14:24:54 [notice] 1#1: start worker process 26
